  Tema1.cpp
..\..\..\..\..\..\..\..\..\gfx framework\gfx-framework-master\gfx-framework-master\src\lab_m1\tema1\Tema1.cpp(19,73): warning C4305: 'argument': truncation from 'double' to 'float'
..\..\..\..\..\..\..\..\..\gfx framework\gfx-framework-master\gfx-framework-master\src\lab_m1\tema1\Tema1.cpp(33,69): warning C4244: '=': conversion from 'int' to 'float', possible loss of data
..\..\..\..\..\..\..\..\..\gfx framework\gfx-framework-master\gfx-framework-master\src\lab_m1\tema1\Tema1.cpp(37,67): warning C4244: '=': conversion from 'int' to 'float', possible loss of data
..\..\..\..\..\..\..\..\..\gfx framework\gfx-framework-master\gfx-framework-master\src\lab_m1\tema1\Tema1.cpp(50,24): warning C4305: 'argument': truncation from 'double' to 'float'
..\..\..\..\..\..\..\..\..\gfx framework\gfx-framework-master\gfx-framework-master\src\lab_m1\tema1\Tema1.cpp(50,19): warning C4305: 'argument': truncation from 'double' to 'float'
..\..\..\..\..\..\..\..\..\gfx framework\gfx-framework-master\gfx-framework-master\src\lab_m1\tema1\Tema1.cpp(122,11): warning C4244: 'initializing': conversion from 'int' to 'float', possible loss of data
..\..\..\..\..\..\..\..\..\gfx framework\gfx-framework-master\gfx-framework-master\src\lab_m1\tema1\Tema1.cpp(123,11): warning C4244: 'initializing': conversion from 'int' to 'float', possible loss of data
..\..\..\..\..\..\..\..\..\gfx framework\gfx-framework-master\gfx-framework-master\src\lab_m1\tema1\Tema1.cpp(130,69): warning C4244: '=': conversion from 'int' to 'float', possible loss of data
..\..\..\..\..\..\..\..\..\gfx framework\gfx-framework-master\gfx-framework-master\src\lab_m1\tema1\Tema1.cpp(143,67): warning C4244: '=': conversion from 'int' to 'float', possible loss of data
..\..\..\..\..\..\..\..\..\gfx framework\gfx-framework-master\gfx-framework-master\src\lab_m1\tema1\Tema1.cpp(232,30): warning C4305: 'argument': truncation from 'double' to 'float'
..\..\..\..\..\..\..\..\..\gfx framework\gfx-framework-master\gfx-framework-master\src\lab_m1\tema1\Tema1.cpp(232,25): warning C4305: 'argument': truncation from 'double' to 'float'
..\..\..\..\..\..\..\..\..\gfx framework\gfx-framework-master\gfx-framework-master\src\lab_m1\tema1\Tema1.cpp(391,92): warning C4267: 'argument': conversion from 'size_t' to 'glm::mat<3,3,glm::f32,glm::packed_highp>::length_type', possible loss of data
..\..\..\..\..\..\..\..\..\gfx framework\gfx-framework-master\gfx-framework-master\src\lab_m1\tema1\Tema1.cpp(392,40): warning C4267: 'argument': conversion from 'size_t' to 'glm::mat<3,3,glm::f32,glm::packed_highp>::length_type', possible loss of data
..\..\..\..\..\..\..\..\..\gfx framework\gfx-framework-master\gfx-framework-master\src\lab_m1\tema1\Tema1.cpp(401,13): warning C4456: declaration of 'i' hides previous local declaration
..\..\..\..\..\..\..\..\..\gfx framework\gfx-framework-master\gfx-framework-master\src\lab_m1\tema1\Tema1.cpp(390,12): message : see declaration of 'i'
..\..\..\..\..\..\..\..\..\gfx framework\gfx-framework-master\gfx-framework-master\src\lab_m1\tema1\Tema1.cpp(419,93): warning C4267: 'argument': conversion from 'size_t' to 'glm::mat<3,3,glm::f32,glm::packed_highp>::length_type', possible loss of data
..\..\..\..\..\..\..\..\..\gfx framework\gfx-framework-master\gfx-framework-master\src\lab_m1\tema1\Tema1.cpp(427,41): warning C4267: 'argument': conversion from 'size_t' to 'glm::mat<3,3,glm::f32,glm::packed_highp>::length_type', possible loss of data
..\..\..\..\..\..\..\..\..\gfx framework\gfx-framework-master\gfx-framework-master\src\lab_m1\tema1\Tema1.cpp(432,14): warning C4456: declaration of 'i' hides previous local declaration
..\..\..\..\..\..\..\..\..\gfx framework\gfx-framework-master\gfx-framework-master\src\lab_m1\tema1\Tema1.cpp(418,13): message : see declaration of 'i'
  GFXFramework.vcxproj -> C:\Users\enema\Work\College\Anul 3\Semestrul 1\ECG\EGC\build\bin\Debug\GFXFramework.exe
  Junction created for C:\Users\enema\Work\College\Anul 3\Semestrul 1\ECG\EGC\build\bin\Debug\src <<===>> C:\gfx framework\gfx-framework-master\gfx-framework-master\src
  Junction created for C:\Users\enema\Work\College\Anul 3\Semestrul 1\ECG\EGC\build\bin\Debug\assets <<===>> C:\gfx framework\gfx-framework-master\gfx-framework-master\assets
