c:\users\enema\work\college\anul 3\semestrul 1\ecg\egc\build\cmakefiles\generate.stamp
c:\users\enema\work\college\anul 3\semestrul 1\ecg\egc\build\gfxframework.dir\debug\camera_input.obj
c:\users\enema\work\college\anul 3\semestrul 1\ecg\egc\build\gfxframework.dir\debug\enemy.obj
c:\users\enema\work\college\anul 3\semestrul 1\ecg\egc\build\gfxframework.dir\debug\engine.obj
c:\users\enema\work\college\anul 3\semestrul 1\ecg\egc\build\gfxframework.dir\debug\frame.obj
c:\users\enema\work\college\anul 3\semestrul 1\ecg\egc\build\gfxframework.dir\debug\frame_buffer.obj
c:\users\enema\work\college\anul 3\semestrul 1\ecg\egc\build\gfxframework.dir\debug\gl_utils.obj
c:\users\enema\work\college\anul 3\semestrul 1\ecg\egc\build\gfxframework.dir\debug\gpu_buffers.obj
c:\users\enema\work\college\anul 3\semestrul 1\ecg\egc\build\gfxframework.dir\debug\guiframe.obj
c:\users\enema\work\college\anul 3\semestrul 1\ecg\egc\build\gfxframework.dir\debug\input_controller.obj
c:\users\enema\work\college\anul 3\semestrul 1\ecg\egc\build\gfxframework.dir\debug\lab1.obj
c:\users\enema\work\college\anul 3\semestrul 1\ecg\egc\build\gfxframework.dir\debug\lab2.obj
c:\users\enema\work\college\anul 3\semestrul 1\ecg\egc\build\gfxframework.dir\debug\lab3.obj
c:\users\enema\work\college\anul 3\semestrul 1\ecg\egc\build\gfxframework.dir\debug\lab3_vis2d.obj
c:\users\enema\work\college\anul 3\semestrul 1\ecg\egc\build\gfxframework.dir\debug\lab4.obj
c:\users\enema\work\college\anul 3\semestrul 1\ecg\egc\build\gfxframework.dir\debug\lab5.obj
c:\users\enema\work\college\anul 3\semestrul 1\ecg\egc\build\gfxframework.dir\debug\lab6.obj
c:\users\enema\work\college\anul 3\semestrul 1\ecg\egc\build\gfxframework.dir\debug\lab7.obj
c:\users\enema\work\college\anul 3\semestrul 1\ecg\egc\build\gfxframework.dir\debug\lab8.obj
c:\users\enema\work\college\anul 3\semestrul 1\ecg\egc\build\gfxframework.dir\debug\lab9.obj
c:\users\enema\work\college\anul 3\semestrul 1\ecg\egc\build\gfxframework.dir\debug\mesh.obj
c:\users\enema\work\college\anul 3\semestrul 1\ecg\egc\build\gfxframework.dir\debug\object2d.obj
c:\users\enema\work\college\anul 3\semestrul 1\ecg\egc\build\gfxframework.dir\debug\object_2d.obj
c:\users\enema\work\college\anul 3\semestrul 1\ecg\egc\build\gfxframework.dir\debug\projectile.obj
c:\users\enema\work\college\anul 3\semestrul 1\ecg\egc\build\gfxframework.dir\debug\scene_input.obj
c:\users\enema\work\college\anul 3\semestrul 1\ecg\egc\build\gfxframework.dir\debug\shader.obj
c:\users\enema\work\college\anul 3\semestrul 1\ecg\egc\build\gfxframework.dir\debug\simple_scene.obj
c:\users\enema\work\college\anul 3\semestrul 1\ecg\egc\build\gfxframework.dir\debug\square.obj
c:\users\enema\work\college\anul 3\semestrul 1\ecg\egc\build\gfxframework.dir\debug\tema1.obj
c:\users\enema\work\college\anul 3\semestrul 1\ecg\egc\build\gfxframework.dir\debug\tema2.obj
c:\users\enema\work\college\anul 3\semestrul 1\ecg\egc\build\gfxframework.dir\debug\texture2d.obj
c:\users\enema\work\college\anul 3\semestrul 1\ecg\egc\build\gfxframework.dir\debug\texture_manager.obj
c:\users\enema\work\college\anul 3\semestrul 1\ecg\egc\build\gfxframework.dir\debug\text_renderer.obj
c:\users\enema\work\college\anul 3\semestrul 1\ecg\egc\build\gfxframework.dir\debug\text_utils.obj
c:\users\enema\work\college\anul 3\semestrul 1\ecg\egc\build\gfxframework.dir\debug\transform2d.obj
c:\users\enema\work\college\anul 3\semestrul 1\ecg\egc\build\gfxframework.dir\debug\turret.obj
c:\users\enema\work\college\anul 3\semestrul 1\ecg\egc\build\gfxframework.dir\debug\window_callbacks.obj
c:\users\enema\work\college\anul 3\semestrul 1\ecg\egc\build\gfxframework.dir\debug\window_object.obj
c:\users\enema\work\college\anul 3\semestrul 1\ecg\egc\build\gfxframework.dir\debug\world.obj
c:\users\enema\work\college\anul 3\semestrul 1\ecg\egc\build\gfxframework.dir\debug\vc143.pdb
c:\users\enema\work\college\anul 3\semestrul 1\ecg\egc\build\gfxframework.dir\debug\gfxframework.tlog\cl.command.1.tlog
c:\users\enema\work\college\anul 3\semestrul 1\ecg\egc\build\gfxframework.dir\debug\gfxframework.tlog\custombuild.command.1.tlog
c:\users\enema\work\college\anul 3\semestrul 1\ecg\egc\build\gfxframework.dir\debug\gfxframework.tlog\custombuild.read.1.tlog
c:\users\enema\work\college\anul 3\semestrul 1\ecg\egc\build\gfxframework.dir\debug\gfxframework.tlog\custombuild.write.1.tlog
